<?xml version="1.0" encoding="UTF-8"?>
<!-- Generated by org.testng.reporters.JUnitReportReporter -->
<testsuite skipped="4" hostname="DESKTOP-B75F35K" name="smokeTest.ValidateSmokeTest" tests="22" failures="0" timestamp="22 Nov 2018 04:58:15 GMT" time="404.193" errors="0">
  <testcase name="ValidateLogin" time="71.393" classname="smokeTest.ValidateSmokeTest"/>
  <testcase name="ValidateMarkITPlacePage" time="3.278" classname="smokeTest.ValidateSmokeTest"/>
  <testcase name="ValidateManageTab" time="7.921" classname="smokeTest.ValidateSmokeTest"/>
  <testcase name="ValidateInsightTab" time="3.870" classname="smokeTest.ValidateSmokeTest"/>
  <testcase name="ValidateNotificationPage" time="16.789" classname="smokeTest.ValidateSmokeTest"/>
  <testcase name="ValidateLogo" time="6.071" classname="smokeTest.ValidateSmokeTest"/>
  <testcase name="ValidateMyProfile" time="34.300" classname="smokeTest.ValidateSmokeTest"/>
  <testcase name="ValidateEditProfile" time="91.419" classname="smokeTest.ValidateSmokeTest"/>
  <testcase name="ValidateChangePassword" time="19.049" classname="smokeTest.ValidateSmokeTest"/>
  <testcase name="ValidateCatalogRestriction" time="12.471" classname="smokeTest.ValidateSmokeTest"/>
  <testcase name="ValidateDomainLink" time="15.458" classname="smokeTest.ValidateSmokeTest"/>
  <testcase name="ValidateAddressPage" time="58.208" classname="smokeTest.ValidateSmokeTest"/>
  <testcase name="ValidateUsersPage" time="27.206" classname="smokeTest.ValidateSmokeTest"/>
  <testcase name="ValidateRequestTab" time="3.165" classname="smokeTest.ValidateSmokeTest"/>
  <testcase name="ValidateInviteTab" time="2.337" classname="smokeTest.ValidateSmokeTest"/>
  <testcase name="ValidateLogout" time="5.133" classname="smokeTest.ValidateSmokeTest"/>
  <testcase name="ValidateForgetPswd" time="9.584" classname="smokeTest.ValidateSmokeTest"/>
  <testcase name="ValidateRegPage" time="16.541" classname="smokeTest.ValidateSmokeTest"/>
  <testcase name="ValidateAccountSettings" classname="smokeTest.ValidateSmokeTest">
    <skipped/>
  </testcase> <!-- ValidateAccountSettings -->
  <testcase name="ValidateSetNotifications" classname="smokeTest.ValidateSmokeTest">
    <skipped/>
  </testcase> <!-- ValidateSetNotifications -->
  <testcase name="ValidateLoginUser" classname="smokeTest.ValidateSmokeTest">
    <skipped/>
  </testcase> <!-- ValidateLoginUser -->
  <testcase name="ValidateMyAccountList" classname="smokeTest.ValidateSmokeTest">
    <skipped/>
  </testcase> <!-- ValidateMyAccountList -->
</testsuite> <!-- smokeTest.ValidateSmokeTest -->
